<?xml version="1.0" encoding="UTF-8"?>
<testsuites>
  <testsuite name="Model Test Suite" tests="1" assertions="3" failures="0" errors="0" time="0.018036">
    <testsuite name="CalculadoraTest" file="C:\xampp\htdocs\php-jenkins-example\tests\CalculadoraTest.php" tests="1" assertions="3" failures="0" errors="0" time="0.018036">
      <testcase name="testCalculadora" class="CalculadoraTest" file="C:\xampp\htdocs\php-jenkins-example\tests\CalculadoraTest.php" line="6" assertions="3" time="0.018036"/>
    </testsuite>
  </testsuite>
</testsuites>
